[0.415s] Invoking command in '/home/robi/feleves_ws/src/feleves': PYTHONPATH=/home/robi/feleves_ws/build/feleves/prefix_override:/usr/lib/python3/dist-packages/colcon_core/task/python/colcon_distutils_commands:/home/robi/feleves_ws/install/feleves/lib/python3.10/site-packages:${PYTHONPATH} /usr/bin/python3 -W ignore:setup.py install is deprecated -W ignore:easy_install command is deprecated setup.py egg_info --egg-base ../../build/feleves build --build-base /home/robi/feleves_ws/build/feleves/build install --record /home/robi/feleves_ws/build/feleves/install.log --single-version-externally-managed install_data
[0.533s] running egg_info
[0.533s] writing ../../build/feleves/feleves.egg-info/PKG-INFO
[0.533s] writing dependency_links to ../../build/feleves/feleves.egg-info/dependency_links.txt
[0.533s] writing entry points to ../../build/feleves/feleves.egg-info/entry_points.txt
[0.533s] writing requirements to ../../build/feleves/feleves.egg-info/requires.txt
[0.533s] writing top-level names to ../../build/feleves/feleves.egg-info/top_level.txt
[0.534s] reading manifest file '../../build/feleves/feleves.egg-info/SOURCES.txt'
[0.535s] writing manifest file '../../build/feleves/feleves.egg-info/SOURCES.txt'
[0.535s] running build
[0.535s] running build_py
[0.535s] copying feleves/controller.py -> /home/robi/feleves_ws/build/feleves/build/lib/feleves
[0.536s] running install
[0.536s] running install_lib
[0.537s] copying /home/robi/feleves_ws/build/feleves/build/lib/feleves/controller.py -> /home/robi/feleves_ws/install/feleves/lib/python3.10/site-packages/feleves
[0.537s] byte-compiling /home/robi/feleves_ws/install/feleves/lib/python3.10/site-packages/feleves/controller.py to controller.cpython-310.pyc
[0.539s] running install_data
[0.539s] running install_egg_info
[0.540s] removing '/home/robi/feleves_ws/install/feleves/lib/python3.10/site-packages/feleves-0.0.0-py3.10.egg-info' (and everything under it)
[0.540s] Copying ../../build/feleves/feleves.egg-info to /home/robi/feleves_ws/install/feleves/lib/python3.10/site-packages/feleves-0.0.0-py3.10.egg-info
[0.541s] running install_scripts
[0.551s] Installing controller script to /home/robi/feleves_ws/install/feleves/lib/feleves
[0.552s] writing list of installed files to '/home/robi/feleves_ws/build/feleves/install.log'
[0.564s] Invoked command in '/home/robi/feleves_ws/src/feleves' returned '0': PYTHONPATH=/home/robi/feleves_ws/build/feleves/prefix_override:/usr/lib/python3/dist-packages/colcon_core/task/python/colcon_distutils_commands:/home/robi/feleves_ws/install/feleves/lib/python3.10/site-packages:${PYTHONPATH} /usr/bin/python3 -W ignore:setup.py install is deprecated -W ignore:easy_install command is deprecated setup.py egg_info --egg-base ../../build/feleves build --build-base /home/robi/feleves_ws/build/feleves/build install --record /home/robi/feleves_ws/build/feleves/install.log --single-version-externally-managed install_data
