[0.398s] Invoking command in '/home/robi/feleves_ws/src/feleves': PYTHONPATH=/home/robi/feleves_ws/build/feleves/prefix_override:/usr/lib/python3/dist-packages/colcon_core/task/python/colcon_distutils_commands:/home/robi/feleves_ws/install/feleves/lib/python3.10/site-packages:${PYTHONPATH} /usr/bin/python3 -W ignore:setup.py install is deprecated -W ignore:easy_install command is deprecated setup.py egg_info --egg-base ../../build/feleves build --build-base /home/robi/feleves_ws/build/feleves/build install --record /home/robi/feleves_ws/build/feleves/install.log --single-version-externally-managed install_data
[0.514s] running egg_info
[0.514s] creating ../../build/feleves/feleves.egg-info
[0.514s] writing ../../build/feleves/feleves.egg-info/PKG-INFO
[0.515s] writing dependency_links to ../../build/feleves/feleves.egg-info/dependency_links.txt
[0.515s] writing entry points to ../../build/feleves/feleves.egg-info/entry_points.txt
[0.515s] writing requirements to ../../build/feleves/feleves.egg-info/requires.txt
[0.515s] writing top-level names to ../../build/feleves/feleves.egg-info/top_level.txt
[0.515s] writing manifest file '../../build/feleves/feleves.egg-info/SOURCES.txt'
[0.517s] reading manifest file '../../build/feleves/feleves.egg-info/SOURCES.txt'
[0.517s] writing manifest file '../../build/feleves/feleves.egg-info/SOURCES.txt'
[0.518s] running build
[0.518s] running build_py
[0.518s] creating /home/robi/feleves_ws/build/feleves/build
[0.518s] creating /home/robi/feleves_ws/build/feleves/build/lib
[0.518s] creating /home/robi/feleves_ws/build/feleves/build/lib/feleves
[0.518s] copying feleves/__init__.py -> /home/robi/feleves_ws/build/feleves/build/lib/feleves
[0.518s] copying feleves/controller.py -> /home/robi/feleves_ws/build/feleves/build/lib/feleves
[0.518s] running install
[0.519s] running install_lib
[0.519s] creating /home/robi/feleves_ws/install/feleves/lib/python3.10/site-packages/feleves
[0.519s] copying /home/robi/feleves_ws/build/feleves/build/lib/feleves/__init__.py -> /home/robi/feleves_ws/install/feleves/lib/python3.10/site-packages/feleves
[0.519s] copying /home/robi/feleves_ws/build/feleves/build/lib/feleves/controller.py -> /home/robi/feleves_ws/install/feleves/lib/python3.10/site-packages/feleves
[0.520s] byte-compiling /home/robi/feleves_ws/install/feleves/lib/python3.10/site-packages/feleves/__init__.py to __init__.cpython-310.pyc
[0.520s] byte-compiling /home/robi/feleves_ws/install/feleves/lib/python3.10/site-packages/feleves/controller.py to controller.cpython-310.pyc
[0.520s] running install_data
[0.520s] creating /home/robi/feleves_ws/install/feleves/share/ament_index
[0.520s] creating /home/robi/feleves_ws/install/feleves/share/ament_index/resource_index
[0.521s] creating /home/robi/feleves_ws/install/feleves/share/ament_index/resource_index/packages
[0.521s] copying resource/feleves -> /home/robi/feleves_ws/install/feleves/share/ament_index/resource_index/packages
[0.521s] copying package.xml -> /home/robi/feleves_ws/install/feleves/share/feleves
[0.521s] creating /home/robi/feleves_ws/install/feleves/share/feleves/launch
[0.521s] copying launch/start_controller.launch.py -> /home/robi/feleves_ws/install/feleves/share/feleves/launch
[0.521s] running install_egg_info
[0.523s] Copying ../../build/feleves/feleves.egg-info to /home/robi/feleves_ws/install/feleves/lib/python3.10/site-packages/feleves-0.0.0-py3.10.egg-info
[0.524s] running install_scripts
[0.533s] Installing controller script to /home/robi/feleves_ws/install/feleves/lib/feleves
[0.534s] writing list of installed files to '/home/robi/feleves_ws/build/feleves/install.log'
[0.547s] Invoked command in '/home/robi/feleves_ws/src/feleves' returned '0': PYTHONPATH=/home/robi/feleves_ws/build/feleves/prefix_override:/usr/lib/python3/dist-packages/colcon_core/task/python/colcon_distutils_commands:/home/robi/feleves_ws/install/feleves/lib/python3.10/site-packages:${PYTHONPATH} /usr/bin/python3 -W ignore:setup.py install is deprecated -W ignore:easy_install command is deprecated setup.py egg_info --egg-base ../../build/feleves build --build-base /home/robi/feleves_ws/build/feleves/build install --record /home/robi/feleves_ws/build/feleves/install.log --single-version-externally-managed install_data
