running egg_info
creating ../../build/feleves/feleves.egg-info
writing ../../build/feleves/feleves.egg-info/PKG-INFO
writing dependency_links to ../../build/feleves/feleves.egg-info/dependency_links.txt
writing entry points to ../../build/feleves/feleves.egg-info/entry_points.txt
writing requirements to ../../build/feleves/feleves.egg-info/requires.txt
writing top-level names to ../../build/feleves/feleves.egg-info/top_level.txt
writing manifest file '../../build/feleves/feleves.egg-info/SOURCES.txt'
reading manifest file '../../build/feleves/feleves.egg-info/SOURCES.txt'
writing manifest file '../../build/feleves/feleves.egg-info/SOURCES.txt'
running build
running build_py
creating /home/robi/feleves_ws/build/feleves/build
creating /home/robi/feleves_ws/build/feleves/build/lib
creating /home/robi/feleves_ws/build/feleves/build/lib/feleves
copying feleves/__init__.py -> /home/robi/feleves_ws/build/feleves/build/lib/feleves
copying feleves/controller.py -> /home/robi/feleves_ws/build/feleves/build/lib/feleves
running install
running install_lib
creating /home/robi/feleves_ws/install/feleves/lib/python3.10/site-packages/feleves
copying /home/robi/feleves_ws/build/feleves/build/lib/feleves/__init__.py -> /home/robi/feleves_ws/install/feleves/lib/python3.10/site-packages/feleves
copying /home/robi/feleves_ws/build/feleves/build/lib/feleves/controller.py -> /home/robi/feleves_ws/install/feleves/lib/python3.10/site-packages/feleves
byte-compiling /home/robi/feleves_ws/install/feleves/lib/python3.10/site-packages/feleves/__init__.py to __init__.cpython-310.pyc
byte-compiling /home/robi/feleves_ws/install/feleves/lib/python3.10/site-packages/feleves/controller.py to controller.cpython-310.pyc
running install_data
creating /home/robi/feleves_ws/install/feleves/share/ament_index
creating /home/robi/feleves_ws/install/feleves/share/ament_index/resource_index
creating /home/robi/feleves_ws/install/feleves/share/ament_index/resource_index/packages
copying resource/feleves -> /home/robi/feleves_ws/install/feleves/share/ament_index/resource_index/packages
copying package.xml -> /home/robi/feleves_ws/install/feleves/share/feleves
running install_egg_info
Copying ../../build/feleves/feleves.egg-info to /home/robi/feleves_ws/install/feleves/lib/python3.10/site-packages/feleves-0.0.0-py3.10.egg-info
running install_scripts
writing list of installed files to '/home/robi/feleves_ws/build/feleves/install.log'
