[0.410s] Invoking command in '/home/robi/feleves_ws/src/feleves': PYTHONPATH=/home/robi/feleves_ws/build/feleves/prefix_override:/usr/lib/python3/dist-packages/colcon_core/task/python/colcon_distutils_commands:/home/robi/feleves_ws/install/feleves/lib/python3.10/site-packages:${PYTHONPATH} /usr/bin/python3 -W ignore:setup.py install is deprecated -W ignore:easy_install command is deprecated setup.py egg_info --egg-base ../../build/feleves build --build-base /home/robi/feleves_ws/build/feleves/build install --record /home/robi/feleves_ws/build/feleves/install.log --single-version-externally-managed install_data
[0.527s] running egg_info
[0.528s] creating ../../build/feleves/feleves.egg-info
[0.528s] writing ../../build/feleves/feleves.egg-info/PKG-INFO
[0.528s] writing dependency_links to ../../build/feleves/feleves.egg-info/dependency_links.txt
[0.528s] writing entry points to ../../build/feleves/feleves.egg-info/entry_points.txt
[0.528s] writing requirements to ../../build/feleves/feleves.egg-info/requires.txt
[0.529s] writing top-level names to ../../build/feleves/feleves.egg-info/top_level.txt
[0.529s] writing manifest file '../../build/feleves/feleves.egg-info/SOURCES.txt'
[0.529s] reading manifest file '../../build/feleves/feleves.egg-info/SOURCES.txt'
[0.529s] writing manifest file '../../build/feleves/feleves.egg-info/SOURCES.txt'
[0.530s] running build
[0.530s] running build_py
[0.530s] creating /home/robi/feleves_ws/build/feleves/build
[0.530s] creating /home/robi/feleves_ws/build/feleves/build/lib
[0.530s] creating /home/robi/feleves_ws/build/feleves/build/lib/feleves
[0.530s] copying feleves/__init__.py -> /home/robi/feleves_ws/build/feleves/build/lib/feleves
[0.530s] copying feleves/controller.py -> /home/robi/feleves_ws/build/feleves/build/lib/feleves
[0.531s] running install
[0.531s] running install_lib
[0.531s] creating /home/robi/feleves_ws/install/feleves/lib/python3.10/site-packages/feleves
[0.531s] copying /home/robi/feleves_ws/build/feleves/build/lib/feleves/__init__.py -> /home/robi/feleves_ws/install/feleves/lib/python3.10/site-packages/feleves
[0.531s] copying /home/robi/feleves_ws/build/feleves/build/lib/feleves/controller.py -> /home/robi/feleves_ws/install/feleves/lib/python3.10/site-packages/feleves
[0.532s] byte-compiling /home/robi/feleves_ws/install/feleves/lib/python3.10/site-packages/feleves/__init__.py to __init__.cpython-310.pyc
[0.533s] byte-compiling /home/robi/feleves_ws/install/feleves/lib/python3.10/site-packages/feleves/controller.py to controller.cpython-310.pyc
[0.533s] running install_data
[0.533s] creating /home/robi/feleves_ws/install/feleves/share/ament_index
[0.533s] creating /home/robi/feleves_ws/install/feleves/share/ament_index/resource_index
[0.534s] creating /home/robi/feleves_ws/install/feleves/share/ament_index/resource_index/packages
[0.534s] copying resource/feleves -> /home/robi/feleves_ws/install/feleves/share/ament_index/resource_index/packages
[0.534s] copying package.xml -> /home/robi/feleves_ws/install/feleves/share/feleves
[0.534s] running install_egg_info
[0.535s] Copying ../../build/feleves/feleves.egg-info to /home/robi/feleves_ws/install/feleves/lib/python3.10/site-packages/feleves-0.0.0-py3.10.egg-info
[0.536s] running install_scripts
[0.546s] writing list of installed files to '/home/robi/feleves_ws/build/feleves/install.log'
[0.560s] Invoked command in '/home/robi/feleves_ws/src/feleves' returned '0': PYTHONPATH=/home/robi/feleves_ws/build/feleves/prefix_override:/usr/lib/python3/dist-packages/colcon_core/task/python/colcon_distutils_commands:/home/robi/feleves_ws/install/feleves/lib/python3.10/site-packages:${PYTHONPATH} /usr/bin/python3 -W ignore:setup.py install is deprecated -W ignore:easy_install command is deprecated setup.py egg_info --egg-base ../../build/feleves build --build-base /home/robi/feleves_ws/build/feleves/build install --record /home/robi/feleves_ws/build/feleves/install.log --single-version-externally-managed install_data
