[0.409s] Invoking command in '/home/robi/feleves_ws/src/feleves': PYTHONPATH=/home/robi/feleves_ws/build/feleves/prefix_override:/usr/lib/python3/dist-packages/colcon_core/task/python/colcon_distutils_commands:/home/robi/feleves_ws/install/feleves/lib/python3.10/site-packages:${PYTHONPATH} /usr/bin/python3 -W ignore:setup.py install is deprecated -W ignore:easy_install command is deprecated setup.py egg_info --egg-base ../../build/feleves build --build-base /home/robi/feleves_ws/build/feleves/build install --record /home/robi/feleves_ws/build/feleves/install.log --single-version-externally-managed install_data
[0.529s] running egg_info
[0.530s] writing ../../build/feleves/feleves.egg-info/PKG-INFO
[0.530s] writing dependency_links to ../../build/feleves/feleves.egg-info/dependency_links.txt
[0.531s] writing entry points to ../../build/feleves/feleves.egg-info/entry_points.txt
[0.531s] writing requirements to ../../build/feleves/feleves.egg-info/requires.txt
[0.531s] writing top-level names to ../../build/feleves/feleves.egg-info/top_level.txt
[0.532s] reading manifest file '../../build/feleves/feleves.egg-info/SOURCES.txt'
[0.533s] writing manifest file '../../build/feleves/feleves.egg-info/SOURCES.txt'
[0.533s] running build
[0.533s] running build_py
[0.533s] running install
[0.533s] running install_lib
[0.534s] running install_data
[0.534s] running install_egg_info
[0.535s] removing '/home/robi/feleves_ws/install/feleves/lib/python3.10/site-packages/feleves-0.0.0-py3.10.egg-info' (and everything under it)
[0.536s] Copying ../../build/feleves/feleves.egg-info to /home/robi/feleves_ws/install/feleves/lib/python3.10/site-packages/feleves-0.0.0-py3.10.egg-info
[0.537s] running install_scripts
[0.547s] Installing controller script to /home/robi/feleves_ws/install/feleves/lib/feleves
[0.547s] writing list of installed files to '/home/robi/feleves_ws/build/feleves/install.log'
[0.561s] Invoked command in '/home/robi/feleves_ws/src/feleves' returned '0': PYTHONPATH=/home/robi/feleves_ws/build/feleves/prefix_override:/usr/lib/python3/dist-packages/colcon_core/task/python/colcon_distutils_commands:/home/robi/feleves_ws/install/feleves/lib/python3.10/site-packages:${PYTHONPATH} /usr/bin/python3 -W ignore:setup.py install is deprecated -W ignore:easy_install command is deprecated setup.py egg_info --egg-base ../../build/feleves build --build-base /home/robi/feleves_ws/build/feleves/build install --record /home/robi/feleves_ws/build/feleves/install.log --single-version-externally-managed install_data
